<?xml version="1.0" encoding="UTF-8"?>
<testng-results ignored="0" total="1" passed="1" failed="0" skipped="0">
  <reporter-output>
  </reporter-output>
  <suite started-at="2025-07-14T22:02:39 IST" name="Testing ecommerce Apps" finished-at="2025-07-14T22:02:49 IST" duration-ms="10010">
    <groups>
    </groups>
    <test started-at="2025-07-14T22:02:39 IST" name="FLipkart App Testing" finished-at="2025-07-14T22:02:49 IST" duration-ms="10010">
      <class name="com.shubham.test.launchUrlTest">
        <test-method is-config="true" signature="initiallizeDriver()[pri:0, instance:com.shubham.test.launchUrlTest@41925502]" started-at="2025-07-14T22:02:39 IST" name="initiallizeDriver" finished-at="2025-07-14T22:02:44 IST" duration-ms="4408" status="PASS">
          <reporter-output>
          </reporter-output>
        </test-method> <!-- initiallizeDriver -->
        <test-method signature="launchUrl(com.shubham.util.appData)[pri:2, instance:com.shubham.test.launchUrlTest@41925502]" started-at="2025-07-14T22:02:44 IST" name="launchUrl" data-provider="excelData" finished-at="2025-07-14T22:02:49 IST" duration-ms="4791" status="PASS">
          <params>
            <param index="0">
              <value>
                <![CDATA[com.shubham.util.appData@3c87e6b7]]>
              </value>
            </param>
          </params>
          <reporter-output>
          </reporter-output>
        </test-method> <!-- launchUrl -->
        <test-method is-config="true" signature="closeDriver()[pri:0, instance:com.shubham.test.launchUrlTest@41925502]" started-at="2025-07-14T22:02:49 IST" name="closeDriver" finished-at="2025-07-14T22:02:49 IST" duration-ms="291" status="PASS">
          <reporter-output>
          </reporter-output>
        </test-method> <!-- closeDriver -->
      </class> <!-- com.shubham.test.launchUrlTest -->
    </test> <!-- FLipkart App Testing -->
  </suite> <!-- Testing ecommerce Apps -->
</testng-results>
